<?xml version="1.0" encoding="UTF-8"?>
<testng-results skipped="0" failed="0" total="1" passed="1">
  <reporter-output>
  </reporter-output>
  <suite name="Default suite" duration-ms="348494" started-at="2015-04-23T06:12:58Z" finished-at="2015-04-23T06:18:46Z">
    <groups>
    </groups>
    <test name="Default test" duration-ms="348494" started-at="2015-04-23T06:12:58Z" finished-at="2015-04-23T06:18:46Z">
      <class name="furnishing.sample">
        <test-method status="PASS" signature="OpenBrowser()[pri:0, instance:furnishing.sample@6038ba04]" name="OpenBrowser" is-config="true" duration-ms="101523" started-at="2015-04-23T11:41:16Z" finished-at="2015-04-23T11:42:58Z">
          <reporter-output>
          </reporter-output>
        </test-method> <!-- OpenBrowser -->
        <test-method status="PASS" signature="fullhouse()[pri:0, instance:furnishing.sample@6038ba04]" name="fullhouse" duration-ms="348440" started-at="2015-04-23T11:42:58Z" finished-at="2015-04-23T11:48:46Z">
          <reporter-output>
          </reporter-output>
        </test-method> <!-- fullhouse -->
      </class> <!-- furnishing.sample -->
    </test> <!-- Default test -->
  </suite> <!-- Default suite -->
</testng-results>
