<?xml version="1.0" encoding="UTF-8"?>
<testng-results skipped="1" failed="0" total="1" passed="0">
  <reporter-output>
  </reporter-output>
  <suite name="Default suite" duration-ms="27" started-at="2015-11-05T09:49:42Z" finished-at="2015-11-05T09:49:42Z">
    <groups>
    </groups>
    <test name="Default test" duration-ms="27" started-at="2015-11-05T09:49:42Z" finished-at="2015-11-05T09:49:42Z">
      <class name="parameterexmple.parametertest">
        <test-method status="SKIP" signature="parameterTest(java.lang.String)[pri:0, instance:parameterexmple.parametertest@129d16a]" name="parameterTest" duration-ms="0" started-at="2015-11-05T15:19:42Z" finished-at="2015-11-05T15:19:42Z">
          <exception class="org.testng.TestNGException">
            <message>
              <![CDATA[
Parameter 'myname' is required by @Test on method parameterTest but has not been marked @Optional or defined
in /tmp/testng-eclipse--112519878/testng-customsuite.xml]]>
            </message>
            <full-stacktrace>
              <![CDATA[org.testng.TestNGException: 
Parameter 'myname' is required by @Test on method parameterTest but has not been marked @Optional or defined
in /tmp/testng-eclipse--112519878/testng-customsuite.xml
	at org.testng.internal.Parameters.createParameters(Parameters.java:148)
	at org.testng.internal.Parameters.createParameters(Parameters.java:361)
	at org.testng.internal.Parameters.handleParameters(Parameters.java:451)
	at org.testng.internal.Invoker.handleParameters(Invoker.java:1269)
	at org.testng.internal.Invoker.createParameters(Invoker.java:985)
	at org.testng.internal.Invoker.invokeTestMethods(Invoker.java:1075)
	at org.testng.internal.TestMethodWorker.invokeTestMethods(TestMethodWorker.java:124)
	at org.testng.internal.TestMethodWorker.run(TestMethodWorker.java:108)
	at org.testng.TestRunner.privateRun(TestRunner.java:773)
	at org.testng.TestRunner.run(TestRunner.java:623)
	at org.testng.SuiteRunner.runTest(SuiteRunner.java:359)
	at org.testng.SuiteRunner.runSequentially(SuiteRunner.java:354)
	at org.testng.SuiteRunner.privateRun(SuiteRunner.java:312)
	at org.testng.SuiteRunner.run(SuiteRunner.java:261)
	at org.testng.SuiteRunnerWorker.runSuite(SuiteRunnerWorker.java:52)
	at org.testng.SuiteRunnerWorker.run(SuiteRunnerWorker.java:86)
	at org.testng.TestNG.runSuitesSequentially(TestNG.java:1185)
	at org.testng.TestNG.runSuitesLocally(TestNG.java:1110)
	at org.testng.TestNG.run(TestNG.java:1018)
	at org.testng.remote.RemoteTestNG.run(RemoteTestNG.java:112)
	at org.testng.remote.RemoteTestNG.initAndRun(RemoteTestNG.java:205)
	at org.testng.remote.RemoteTestNG.main(RemoteTestNG.java:176)
]]>
            </full-stacktrace>
          </exception> <!-- org.testng.TestNGException -->
          <reporter-output>
          </reporter-output>
        </test-method> <!-- parameterTest -->
      </class> <!-- parameterexmple.parametertest -->
    </test> <!-- Default test -->
  </suite> <!-- Default suite -->
</testng-results>
