<?xml version="1.0" encoding="UTF-8"?>
<!-- Generated by org.testng.reporters.JUnitXMLReporter -->
<testsuite hostname="kustommade-desktop" name="Add Kitchen" tests="1" failures="1" timestamp="18 Sep 2015 00:37:56 GMT" time="130.34" errors="0">
  <testcase name="addUnits" time="126.442" classname="kitchen.AddUnits">
    <failure type="java.lang.StringIndexOutOfBoundsException" message="String index out of range: -1">
      <![CDATA[java.lang.StringIndexOutOfBoundsException: String index out of range: -1
	at java.lang.String.substring(String.java:1948)
	at kitchen.AddUnits.addBaseUnits(Unknown Source)
	at kitchen.AddUnits.addElementsLShapedKitchen(Unknown Source)
	at kitchen.AddUnits.addElements(Unknown Source)
	at kitchen.AddUnits.addUnits(Unknown Source)
... Removed 23 stack frames]]>
    </failure>
  </testcase> <!-- addUnits -->
</testsuite> <!-- Add Kitchen -->
