<?xml version="1.0" encoding="UTF-8"?>
<!-- Generated by org.testng.reporters.JUnitXMLReporter -->
<testsuite hostname="kustommade-desktop" name="Kitchen Pricing" tests="1" failures="1" timestamp="18 Sep 2015 00:38:35 GMT" time="39.084" errors="0">
  <testcase name="checkPricing" time="35.027" classname="kitchen.Pricing">
    <failure type="java.lang.NumberFormatException" message="empty String">
      <![CDATA[java.lang.NumberFormatException: empty String
	at sun.misc.FloatingDecimal.readJavaFormatString(FloatingDecimal.java:1842)
	at sun.misc.FloatingDecimal.parseFloat(FloatingDecimal.java:122)
	at java.lang.Float.parseFloat(Float.java:451)
	at java.lang.Float.valueOf(Float.java:416)
	at kitchen.Pricing.getInt(Unknown Source)
	at kitchen.Pricing.checkBaseUnits(Unknown Source)
	at kitchen.Pricing.checkPricing(Unknown Source)
... Removed 23 stack frames]]>
    </failure>
  </testcase> <!-- checkPricing -->
</testsuite> <!-- Kitchen Pricing -->
