<?xml version="1.0" encoding="UTF-8"?>
<testng-results skipped="0" failed="1" total="1" passed="0">
  <reporter-output>
  </reporter-output>
  <suite name="Default suite" duration-ms="15234" started-at="2015-07-31T09:51:11Z" finished-at="2015-07-31T09:51:27Z">
    <groups>
    </groups>
    <test name="Default test" duration-ms="15234" started-at="2015-07-31T09:51:11Z" finished-at="2015-07-31T09:51:27Z">
      <class name="mobiletesting.flipkarttest">
        <test-method status="FAIL" signature="testFlipkart()[pri:0, instance:mobiletesting.flipkarttest@6fed788d]" name="testFlipkart" duration-ms="15216" started-at="2015-07-31T15:21:11Z" finished-at="2015-07-31T15:21:27Z">
          <exception class="org.openqa.selenium.SessionNotCreatedException">
            <message>
              <![CDATA[A new session could not be created. (Original error: Activity used to start app doesn't exist or cannot be launched! Make sure it exists and is a launchable activity) (WARNING: The server did not provide any stacktrace information)
Command duration or timeout: 14.82 seconds
Build info: version: '2.45.0', revision: '5017cb8', time: '2015-02-27 00:00:10'
System info: host: 'rohit-pc', ip: '192.168.3.56', os.name: 'Windows 7', os.arch: 'amd64', os.version: '6.1', java.version: '1.7.0_09'
Driver info: io.appium.java_client.android.AndroidDriver]]>
            </message>
            <full-stacktrace>
              <![CDATA[org.openqa.selenium.SessionNotCreatedException: A new session could not be created. (Original error: Activity used to start app doesn't exist or cannot be launched! Make sure it exists and is a launchable activity) (WARNING: The server did not provide any stacktrace information)
Command duration or timeout: 14.82 seconds
Build info: version: '2.45.0', revision: '5017cb8', time: '2015-02-27 00:00:10'
System info: host: 'rohit-pc', ip: '192.168.3.56', os.name: 'Windows 7', os.arch: 'amd64', os.version: '6.1', java.version: '1.7.0_09'
Driver info: io.appium.java_client.android.AndroidDriver
	at sun.reflect.NativeConstructorAccessorImpl.newInstance0(Native Method)
	at sun.reflect.NativeConstructorAccessorImpl.newInstance(Unknown Source)
	at sun.reflect.DelegatingConstructorAccessorImpl.newInstance(Unknown Source)
	at java.lang.reflect.Constructor.newInstance(Unknown Source)
	at org.openqa.selenium.remote.ErrorHandler.createThrowable(ErrorHandler.java:204)
	at org.openqa.selenium.remote.ErrorHandler.throwIfResponseFailed(ErrorHandler.java:156)
	at org.openqa.selenium.remote.RemoteWebDriver.execute(RemoteWebDriver.java:599)
	at io.appium.java_client.AppiumDriver.execute(AppiumDriver.java:180)
	at org.openqa.selenium.remote.RemoteWebDriver.startSession(RemoteWebDriver.java:240)
	at org.openqa.selenium.remote.RemoteWebDriver.<init>(RemoteWebDriver.java:126)
	at org.openqa.selenium.remote.RemoteWebDriver.<init>(RemoteWebDriver.java:153)
	at io.appium.java_client.AppiumDriver.<init>(AppiumDriver.java:109)
	at io.appium.java_client.android.AndroidDriver.<init>(AndroidDriver.java:39)
	at mobiletesting.flipkarttest.testFlipkart(flipkarttest.java:34)
	at sun.reflect.NativeMethodAccessorImpl.invoke0(Native Method)
	at sun.reflect.NativeMethodAccessorImpl.invoke(Unknown Source)
	at sun.reflect.DelegatingMethodAccessorImpl.invoke(Unknown Source)
	at java.lang.reflect.Method.invoke(Unknown Source)
	at org.testng.internal.MethodInvocationHelper.invokeMethod(MethodInvocationHelper.java:84)
	at org.testng.internal.Invoker.invokeMethod(Invoker.java:714)
	at org.testng.internal.Invoker.invokeTestMethod(Invoker.java:901)
	at org.testng.internal.Invoker.invokeTestMethods(Invoker.java:1231)
	at org.testng.internal.TestMethodWorker.invokeTestMethods(TestMethodWorker.java:127)
	at org.testng.internal.TestMethodWorker.run(TestMethodWorker.java:111)
	at org.testng.TestRunner.privateRun(TestRunner.java:767)
	at org.testng.TestRunner.run(TestRunner.java:617)
	at org.testng.SuiteRunner.runTest(SuiteRunner.java:334)
	at org.testng.SuiteRunner.runSequentially(SuiteRunner.java:329)
	at org.testng.SuiteRunner.privateRun(SuiteRunner.java:291)
	at org.testng.SuiteRunner.run(SuiteRunner.java:240)
	at org.testng.SuiteRunnerWorker.runSuite(SuiteRunnerWorker.java:52)
	at org.testng.SuiteRunnerWorker.run(SuiteRunnerWorker.java:86)
	at org.testng.TestNG.runSuitesSequentially(TestNG.java:1224)
	at org.testng.TestNG.runSuitesLocally(TestNG.java:1149)
	at org.testng.TestNG.run(TestNG.java:1057)
	at org.testng.remote.RemoteTestNG.run(RemoteTestNG.java:111)
	at org.testng.remote.RemoteTestNG.initAndRun(RemoteTestNG.java:204)
	at org.testng.remote.RemoteTestNG.main(RemoteTestNG.java:175)
]]>
            </full-stacktrace>
          </exception> <!-- org.openqa.selenium.SessionNotCreatedException -->
          <reporter-output>
          </reporter-output>
        </test-method> <!-- testFlipkart -->
      </class> <!-- mobiletesting.flipkarttest -->
    </test> <!-- Default test -->
  </suite> <!-- Default suite -->
</testng-results>
