<?xml version="1.0" encoding="UTF-8"?>
<!-- Generated by org.testng.reporters.JUnitXMLReporter -->
<testsuite hostname="DINESH" name="Test" tests="1" failures="0" timestamp="14 Nov 2014 05:38:41 GMT" time="0.266" errors="0">
  <testcase name="@BeforeMethod beforeMethod" time="0.0" classname="test.NewTest">
    <failure type="java.nio.file.NoSuchFileException" message="E:\softwares\eclipse\kustommade\test\XSLT_Reports\14-11-2014\errors\extremedimensions.txt">
      <![CDATA[java.nio.file.NoSuchFileException: E:\softwares\eclipse\kustommade\test\XSLT_Reports\14-11-2014\errors\extremedimensions.txt
	at sun.nio.fs.WindowsException.translateToIOException(Unknown Source)
	at sun.nio.fs.WindowsException.rethrowAsIOException(Unknown Source)
	at sun.nio.fs.WindowsException.rethrowAsIOException(Unknown Source)
	at sun.nio.fs.WindowsFileSystemProvider.newByteChannel(Unknown Source)
	at java.nio.file.spi.FileSystemProvider.newOutputStream(Unknown Source)
	at java.nio.file.Files.newOutputStream(Unknown Source)
	at java.nio.file.Files.newBufferedWriter(Unknown Source)
	at test.NewTest.beforeMethod(NewTest.java:36)
... Removed 26 stack frames]]>
    </failure>
  </testcase> <!-- @BeforeMethod beforeMethod -->
  <testcase name="@AfterMethod afterMethod" time="0.0" classname="test.NewTest">
    <skipped/>
  </testcase> <!-- @AfterMethod afterMethod -->
  <testcase name="extremeDimensions" time="0.0" classname="test.NewTest">
    <skipped/>
  </testcase> <!-- extremeDimensions -->
</testsuite> <!-- Test -->
