<?xml version="1.0" encoding="UTF-8"?>
<!-- Generated by org.testng.reporters.JUnitXMLReporter -->
<testsuite hostname="kustommade-desktop" name="ExtremeDimensions" tests="1" failures="0" timestamp="12 Jan 2015 10:18:14 GMT" time="0.076" errors="0">
  <testcase name="@BeforeMethod beforeMethod" time="0.0" classname="ExtremeDimensions.ExtremeDimensions">
    <failure type="java.lang.IllegalStateException" message="The driver executable does not exist: /home/kustommade/workspace/Wardrobe/libs/chromedriver.exe">
      <![CDATA[java.lang.IllegalStateException: The driver executable does not exist: /home/kustommade/workspace/Wardrobe/libs/chromedriver.exe
	at com.google.common.base.Preconditions.checkState(Preconditions.java:197)
	at org.openqa.selenium.remote.service.DriverService.checkExecutable(DriverService.java:117)
	at org.openqa.selenium.remote.service.DriverService.findExecutable(DriverService.java:112)
	at org.openqa.selenium.chrome.ChromeDriverService.createDefaultService(ChromeDriverService.java:89)
	at org.openqa.selenium.chrome.ChromeDriver.<init>(ChromeDriver.java:139)
	at ExtremeDimensions.ExtremeDimensions.beforeMethod(ExtremeDimensions.java:49)
... Removed 26 stack frames]]>
    </failure>
  </testcase> <!-- @BeforeMethod beforeMethod -->
  <testcase name="@AfterMethod afterMethod" time="0.0" classname="ExtremeDimensions.ExtremeDimensions">
    <skipped/>
  </testcase> <!-- @AfterMethod afterMethod -->
  <testcase name="extremeDimensions" time="0.0" classname="ExtremeDimensions.ExtremeDimensions">
    <skipped/>
  </testcase> <!-- extremeDimensions -->
</testsuite> <!-- ExtremeDimensions -->
