<?xml version="1.0" encoding="UTF-8"?>
<!-- Generated by org.testng.reporters.JUnitXMLReporter -->
<testsuite hostname="User2" name="Signup_v2" tests="10" failures="0" timestamp="25 Nov 2014 21:17:08 GMT" time="1729.096" errors="0">
  <testcase name="Accessoriespage" time="224.234" classname="Signup_v2.Signup"/>
  <testcase name="Cartpage" time="249.225" classname="Signup_v2.Signup"/>
  <testcase name="Dimensionspage" time="79.55" classname="Signup_v2.Signup"/>
  <testcase name="DoorTypepage" time="97.701" classname="Signup_v2.Signup"/>
  <testcase name="Exteriorspage" time="205.074" classname="Signup_v2.Signup"/>
  <testcase name="Interiorspage" time="120.404" classname="Signup_v2.Signup"/>
  <testcase name="Landingpage" time="67.067" classname="Signup_v2.Signup"/>
  <testcase name="Orderpage" time="290.146" classname="Signup_v2.Signup"/>
  <testcase name="Subscribe" time="4.399" classname="Signup_v2.Signup"/>
  <testcase name="Templatespage" time="74.898" classname="Signup_v2.Signup"/>
</testsuite> <!-- Signup_v2 -->
