<?xml version="1.0" encoding="UTF-8"?>
<!-- Generated by org.testng.reporters.JUnitXMLReporter -->
<testsuite hostname="kustommade-desktop" name="Signup_v2" tests="10" failures="0" timestamp="17 Sep 2015 19:49:56 GMT" time="426.69" errors="0">
  <testcase name="Accessoriespage" time="23.365" classname="Signup_v2.Signup"/>
  <testcase name="Cartpage" time="23.204" classname="Signup_v2.Signup"/>
  <testcase name="Dimensionspage" time="78.267" classname="Signup_v2.Signup"/>
  <testcase name="DoorTypepage" time="23.481" classname="Signup_v2.Signup"/>
  <testcase name="Exteriorspage" time="23.382" classname="Signup_v2.Signup"/>
  <testcase name="Interiorspage" time="23.395" classname="Signup_v2.Signup"/>
  <testcase name="Landingpage" time="56.195" classname="Signup_v2.Signup"/>
  <testcase name="Orderpage" time="27.078" classname="Signup_v2.Signup"/>
  <testcase name="Subscribe" time="4.453" classname="Signup_v2.Signup"/>
  <testcase name="Templatespage" time="75.019" classname="Signup_v2.Signup"/>
</testsuite> <!-- Signup_v2 -->
